{"level":"error","message":"Peticion POST de usuario(marcelo) no autorizado hacia /api/products","timestamp":"2024-07-08T09:09:02.393Z"}
{"level":"error","message":"Peticion GET de usuario no autenticado hacia la ruta: /perfil","timestamp":"2024-07-08T09:09:42.564Z"}
{"level":"error","message":"Peticion GET de usuario no autenticado hacia la ruta: /products","timestamp":"2024-07-08T09:15:50.777Z"}
{"level":"error","message":"Peticion POST de usuario no autenticado hacia la ruta: /api/products","timestamp":"2024-07-08T09:20:08.381Z"}
{"level":"error","message":"Deberá adjuntar una imagen","timestamp":"2024-07-08T09:21:51.083Z"}
{"level":"error","message":"Deberá completar todos los campos del formulario","timestamp":"2024-07-08T09:22:43.400Z"}
{"level":"error","message":"Peticion POST hacia /api/products provoco el siguiente error: Deberá completar todos los campos del formulario","timestamp":"2024-07-08T09:26:18.017Z"}
{"level":"error","message":"Peticion GET de usuario no autenticado hacia la ruta: /perfil","timestamp":"2024-07-08T20:30:51.039Z"}
{"level":"error","message":"Peticion GET de usuario no autenticado hacia la ruta: /products","timestamp":"2024-07-08T20:31:04.453Z"}
{"level":"error","message":"Peticion GET de usuario no autenticado hacia la ruta: /perfil","timestamp":"2024-07-08T20:40:07.841Z"}
{"level":"info","message":"Servidor escuchando en el puerto 3000","timestamp":"2024-07-10T08:30:45.500Z"}
{"level":"info","message":"Servidor escuchando en el puerto 3000","timestamp":"2024-07-10T08:32:53.223Z"}
{"level":"info","message":"Servidor escuchando en el puerto 8080","timestamp":"2024-07-10T08:33:18.262Z"}
{"level":"error","message":"Peticion GET de usuario no autenticado hacia la ruta: /perfil","timestamp":"2024-07-10T08:37:04.117Z"}
{"level":"error","message":"Peticion GET de usuario no autenticado hacia la ruta: /products","timestamp":"2024-07-14T08:48:48.862Z"}
{"level":"error","message":"Peticion POST de usuario no autenticado hacia la ruta: /api/carts/665ad848b016aab4eac89425/purchase","timestamp":"2024-07-14T08:53:52.321Z"}
{"level":"error","message":"Peticion GET de usuario no autenticado hacia la ruta: /perfil","timestamp":"2024-07-20T17:05:05.406Z"}
{"level":"error","message":"Peticion GET de usuario no autenticado hacia la ruta: /products","timestamp":"2024-07-20T17:20:21.759Z"}
{"level":"error","message":"Peticion GET de usuario no autenticado hacia la ruta: /perfil","timestamp":"2024-07-20T17:20:28.680Z"}
{"level":"error","message":"Peticion GET de usuario no autenticado hacia la ruta: /perfil","timestamp":"2024-07-20T17:28:35.060Z"}
{"level":"error","message":"Peticion GET de usuario no autenticado hacia la ruta: /perfil","timestamp":"2024-07-22T07:28:11.394Z"}
{"level":"error","message":"Peticion POST hacia /api/products provoco el siguiente error: Deberá completar todos los campos del formulario","timestamp":"2024-07-24T08:58:15.992Z"}
{"level":"error","message":"Peticion POST de usuario no autenticado hacia la ruta: /api/products","timestamp":"2024-07-24T09:56:44.382Z"}
{"level":"error","message":"Peticion GET de usuario no autenticado hacia la ruta: /perfil","timestamp":"2024-07-24T09:56:55.498Z"}
{"level":"error","message":"Peticion POST hacia /api/products provoco el siguiente error: Deberá completar todos los campos del formulario","timestamp":"2024-07-24T09:57:42.622Z"}
{"level":"error","message":"Peticion GET de usuario(admin) no autorizado hacia /products","timestamp":"2024-07-24T10:42:30.619Z"}
{"level":"error","message":"Peticion POST de usuario no autenticado hacia la ruta: /api/products/","timestamp":"2024-07-29T18:16:17.488Z"}
